<?xml version="1.0" encoding="UTF-8"?><testsuite errors="0" failures="0" name="com.herokuapp.booker.bookinginfo.BookingCURDTestWithSteps" skipped="0" tests="4" time="5.94" timestamp="2023-01-03T22:02:17.985Z[Europe/London]"><testcase classname="com.herokuapp.booker.bookinginfo.BookingCURDTestWithSteps" name="This will Auth user"/><testcase classname="com.herokuapp.booker.bookinginfo.BookingCURDTestWithSteps" name="This test will create a new Booking"/><testcase classname="com.herokuapp.booker.bookinginfo.BookingCURDTestWithSteps" name="This test will Update the booking"/><testcase classname="com.herokuapp.booker.bookinginfo.BookingCURDTestWithSteps" name="This test will Deleted the booking"/></testsuite>